生成启动时间为 2015/11/26 11:08:07。
     1>项目“D:\project\speedex\Client\RenderingPlugin\VisualStudio\RenderingPlugin.vcxproj”在节点 2 上(build 个目标)。
     1>InitializeBuildStatus:
         正在对“build/Debug\RenderingPlugin.unsuccessfulbuild”执行 Touch 任务。
       ClCompile:
         所有输出均为最新。
       ManifestResourceCompile:
         所有输出均为最新。
       Link:
         所有输出均为最新。
       Manifest:
         所有输出均为最新。
       PostBuildEvent:
         copy "D:\project\speedex\Client\RenderingPlugin\VisualStudio\build\Debug\RenderingPlugin.dll" "../../../Bin/Client/Game/Assets/Plugins" /y
         :VCEnd
         已复制         1 个文件。
       FinalizeBuildStatus:
         正在删除文件“build/Debug\RenderingPlugin.unsuccessfulbuild”。
         正在对“build/Debug\RenderingPlugin.lastbuildstate”执行 Touch 任务。
     1>已完成生成项目“D:\project\speedex\Client\RenderingPlugin\VisualStudio\RenderingPlugin.vcxproj”(build 个目标)的操作。

生成成功。

已用时间 00:00:00.18
