D:\project\speedex\Client\RenderingPlugin\VisualStudio\build/Debug\RenderingPlugin.dll
D:\project\speedex\Client\RenderingPlugin\VisualStudio\build/Debug\RenderingPlugin.dll.intermediate.manifest
D:\project\speedex\Client\RenderingPlugin\VisualStudio\build/Debug\RenderingPlugin.ilk
D:\project\speedex\Client\RenderingPlugin\VisualStudio\build/Debug\RenderingPlugin.pdb
D:\project\speedex\Client\RenderingPlugin\VisualStudio\build\Debug\cl.command.1.tlog
D:\project\speedex\Client\RenderingPlugin\VisualStudio\build\Debug\CL.read.1.tlog
D:\project\speedex\Client\RenderingPlugin\VisualStudio\build\Debug\CL.write.1.tlog
D:\project\speedex\Client\RenderingPlugin\VisualStudio\build\Debug\link.2408.read.1.tlog
D:\project\speedex\Client\RenderingPlugin\VisualStudio\build\Debug\link.2408.write.1.tlog
D:\project\speedex\Client\RenderingPlugin\VisualStudio\build\Debug\link.2408-cvtres.read.1.tlog
D:\project\speedex\Client\RenderingPlugin\VisualStudio\build\Debug\link.2408-cvtres.write.1.tlog
D:\project\speedex\Client\RenderingPlugin\VisualStudio\build\Debug\link.command.1.tlog
D:\project\speedex\Client\RenderingPlugin\VisualStudio\build\Debug\link.read.1.tlog
D:\project\speedex\Client\RenderingPlugin\VisualStudio\build\Debug\link.write.1.tlog
D:\project\speedex\Client\RenderingPlugin\VisualStudio\build\Debug\link-cvtres.read.1.tlog
D:\project\speedex\Client\RenderingPlugin\VisualStudio\build\Debug\link-cvtres.write.1.tlog
D:\project\speedex\Client\RenderingPlugin\VisualStudio\build\Debug\mt.command.1.tlog
D:\project\speedex\Client\RenderingPlugin\VisualStudio\build\Debug\mt.read.1.tlog
D:\project\speedex\Client\RenderingPlugin\VisualStudio\build\Debug\mt.write.1.tlog
D:\project\speedex\Client\RenderingPlugin\VisualStudio\build\Debug\rc.command.1.tlog
D:\project\speedex\Client\RenderingPlugin\VisualStudio\build\Debug\rc.read.1.tlog
D:\project\speedex\Client\RenderingPlugin\VisualStudio\build\Debug\rc.write.1.tlog
D:\PROJECT\SPEEDEX\CLIENT\RENDERINGPLUGIN\VISUALSTUDIO\BUILD\DEBUG\RENDERINGPLUGIN.DLL
D:\PROJECT\SPEEDEX\CLIENT\RENDERINGPLUGIN\VISUALSTUDIO\BUILD\DEBUG\RENDERINGPLUGIN.DLL.EMBED.MANIFEST
D:\PROJECT\SPEEDEX\CLIENT\RENDERINGPLUGIN\VISUALSTUDIO\BUILD\DEBUG\RENDERINGPLUGIN.DLL.EMBED.MANIFEST.RES
D:\PROJECT\SPEEDEX\CLIENT\RENDERINGPLUGIN\VISUALSTUDIO\BUILD\DEBUG\RENDERINGPLUGIN.DLL.INTERMEDIATE.MANIFEST
D:\project\speedex\Client\RenderingPlugin\VisualStudio\build\Debug\RenderingPlugin.exp
D:\PROJECT\SPEEDEX\CLIENT\RENDERINGPLUGIN\VISUALSTUDIO\BUILD\DEBUG\RENDERINGPLUGIN.ILK
D:\project\speedex\Client\RenderingPlugin\VisualStudio\build\Debug\RenderingPlugin.lib
D:\PROJECT\SPEEDEX\CLIENT\RENDERINGPLUGIN\VISUALSTUDIO\BUILD\DEBUG\RENDERINGPLUGIN.OBJ
D:\PROJECT\SPEEDEX\CLIENT\RENDERINGPLUGIN\VISUALSTUDIO\BUILD\DEBUG\RENDERINGPLUGIN.PDB
D:\project\speedex\Client\RenderingPlugin\VisualStudio\build\Debug\RenderingPlugin.write.1.tlog
D:\project\speedex\Client\RenderingPlugin\VisualStudio\build\Debug\RenderingPlugin_manifest.rc
D:\project\speedex\Client\RenderingPlugin\VisualStudio\build\Debug\vc100.idb
D:\PROJECT\SPEEDEX\CLIENT\RENDERINGPLUGIN\VISUALSTUDIO\BUILD\DEBUG\VC100.PDB
